<?xml version="1.0" encoding="UTF-8"?>
<TestRun id="f1279c2e-1791-4296-9f37-8e3d593319cd" name="Heather@TRANCE 2015-02-02 20:34:47" runUser="Trance\Heather" xmlns="http://microsoft.com/schemas/VisualStudio/TeamTest/2010">
  <TestSettings name="Local" id="3bfa5064-b55d-4532-9b40-2433e13a9539">
    <Description>These are default test settings for a local test run.</Description>
    <Deployment enabled="false" runDeploymentRoot="Heather_TRANCE 2015-02-02 20_34_47">
      <DeploymentItem filename="C:\Users\Heather\Desktop\Assignment1\Task3\bin\Task3.dll" />
    </Deployment>
    <Execution>
      <TestTypeSpecific />
      <AgentRule name="Execution Agents">
      </AgentRule>
    </Execution>
  </TestSettings>
  <Times creation="2015-02-02T20:34:47.5017030-05:00" queuing="2015-02-02T20:34:47.5727071-05:00" start="2015-02-02T20:34:47.6057090-05:00" finish="2015-02-02T20:34:48.1467399-05:00" />
  <ResultSummary outcome="Failed">
    <Counters total="1" executed="1" error="0" failed="1" timeout="0" aborted="0" inconclusive="0" passedButRunAborted="0" notRunnable="0" notExecuted="0" disconnected="0" warning="0" passed="0" completed="0" inProgress="0" pending="0" />
  </ResultSummary>
  <TestDefinitions>
    <UnitTest name="RemoveItemFromCartTest" storage="c:\users\heather\desktop\assignment1\task3\task3test\bin\debug\task3test.dll" id="b3272e7a-48ab-c3ec-a499-b35a1fdd919a">
      <Execution id="340d8aeb-dad6-4937-b1bd-7067d788468d" />
      <TestMethod codeBase="C:/Users/Heather/Desktop/Assignment1/Task3/Task3Test/bin/Debug/Task3Test.DLL" adapterTypeName="Microsoft.VisualStudio.TestTools.TestTypes.Unit.UnitTestAdapter, Microsoft.VisualStudio.QualityTools.Tips.UnitTest.Adapter, Version=10.0.0.0, Culture=neutral, PublicKeyToken=b03f5f7f11d50a3a" className="Task3Test.UnitTest1, Task3Test, Version=1.0.0.0, Culture=neutral, PublicKeyToken=null" name="RemoveItemFromCartTest" />
    </UnitTest>
  </TestDefinitions>
  <TestLists>
    <TestList name="Results Not in a List" id="8c84fa94-04c1-424b-9868-57a2d4851a1d" />
    <TestList name="All Loaded Results" id="19431567-8539-422a-85d7-44ee4e166bda" />
  </TestLists>
  <TestEntries>
    <TestEntry testId="b3272e7a-48ab-c3ec-a499-b35a1fdd919a" executionId="340d8aeb-dad6-4937-b1bd-7067d788468d" testListId="8c84fa94-04c1-424b-9868-57a2d4851a1d" />
  </TestEntries>
  <Results>
    <UnitTestResult executionId="340d8aeb-dad6-4937-b1bd-7067d788468d" testId="b3272e7a-48ab-c3ec-a499-b35a1fdd919a" testName="RemoveItemFromCartTest" computerName="TRANCE" duration="00:00:00.0391163" startTime="2015-02-02T20:34:47.6157095-05:00" endTime="2015-02-02T20:34:48.1167382-05:00" testType="13cdc9d9-ddb5-4fa4-a97d-d965ccfc6d4b" outcome="Failed" testListId="8c84fa94-04c1-424b-9868-57a2d4851a1d" relativeResultsDirectory="340d8aeb-dad6-4937-b1bd-7067d788468d">
      <Output>
        <ErrorInfo>
          <Message>Assert.AreEqual failed. Expected:&lt;2&gt;. Actual:&lt;1&gt;. </Message>
          <StackTrace>   at Task3Test.UnitTest1.RemoveItemFromCartTest() in C:\Users\Heather\Desktop\Assignment1\Task3\Task3Test\UnitTest1.vb:line 33
</StackTrace>
        </ErrorInfo>
      </Output>
    </UnitTestResult>
  </Results>
</TestRun>